<?xml version="1.0" encoding="UTF-8"?>
<testsuite name="ProgramCorrect_ESTest" time="0.035" tests="7" errors="5" skipped="0" failures="0">
  <properties>
[...]
</properties>
  <testcase name="test1" classname="ProgramCorrect_ESTest" time="0.024">
    <error message="ProgramCorrect.findMax([J)J" type="java.lang.NoSuchMethodError">java.lang.NoSuchMethodError: ProgramCorrect.findMax([J)J
	at ProgramCorrect_ESTest.test1(ProgramCorrect_ESTest.java:28)
</error>
    <system-out><![CDATA[Executing org.evosuite.runtime.InitializingListener
]]></system-out>
    <system-err><![CDATA[SLF4J: Failed to load class "org.slf4j.impl.StaticLoggerBinder".
SLF4J: Defaulting to no-operation (NOP) logger implementation
SLF4J: See http://www.slf4j.org/codes.html#StaticLoggerBinder for further details.
]]></system-err>
  </testcase>
  <testcase name="test0" classname="ProgramCorrect_ESTest" time="0.001">
    <error message="ProgramCorrect.findMax([J)J" type="java.lang.NoSuchMethodError">java.lang.NoSuchMethodError: ProgramCorrect.findMax([J)J
	at ProgramCorrect_ESTest.test0(ProgramCorrect_ESTest.java:20)
</error>
  </testcase>
  <testcase name="test6" classname="ProgramCorrect_ESTest" time="0.003"/>
  <testcase name="test3" classname="ProgramCorrect_ESTest" time="0.002">
    <error message="ProgramCorrect.findMax([J)J" type="java.lang.NoSuchMethodError">java.lang.NoSuchMethodError: ProgramCorrect.findMax([J)J
	at ProgramCorrect_ESTest.test3(ProgramCorrect_ESTest.java:44)
</error>
  </testcase>
  <testcase name="test2" classname="ProgramCorrect_ESTest" time="0.002">
    <error message="ProgramCorrect.findMax([J)J" type="java.lang.NoSuchMethodError">java.lang.NoSuchMethodError: ProgramCorrect.findMax([J)J
	at ProgramCorrect_ESTest.test2(ProgramCorrect_ESTest.java:36)
</error>
  </testcase>
  <testcase name="test5" classname="ProgramCorrect_ESTest" time="0.002"/>
  <testcase name="test4" classname="ProgramCorrect_ESTest" time="0.001">
    <error message="ProgramCorrect.findMax([J)J" type="java.lang.NoSuchMethodError">java.lang.NoSuchMethodError: ProgramCorrect.findMax([J)J
	at ProgramCorrect_ESTest.test4(ProgramCorrect_ESTest.java:60)
</error>
  </testcase>
</testsuite>