<?xml version="1.0" encoding="UTF-8"?>
<testsuite name="ProgramIncorrect_ESTest" time="0.008" tests="7" errors="5" skipped="0" failures="0">
  <properties>
    <property name="java.runtime.name" value="OpenJDK Runtime Environment"/>
    <property name="sun.boot.library.path" value="/usr/lib/jvm/java-8-openjdk-amd64/jre/lib/amd64"/>
    <property name="java.vm.version" value="25.292-b10"/>
    <property name="java.vm.vendor" value="Private Build"/>
    <property name="maven.multiModuleProjectDirectory" value="/home/ahmaddinkins/onoard"/>
    <property name="java.vendor.url" value="http://java.oracle.com/"/>
    <property name="path.separator" value=":"/>
    <property name="guice.disable.misplaced.annotation.check" value="true"/>
    <property name="java.vm.name" value="OpenJDK 64-Bit Server VM"/>
    <property name="file.encoding.pkg" value="sun.io"/>
    <property name="sun.java.launcher" value="SUN_STANDARD"/>
    <property name="sun.os.patch.level" value="unknown"/>
    <property name="java.vm.specification.name" value="Java Virtual Machine Specification"/>
    <property name="user.dir" value="/home/ahmaddinkins/onoard"/>
    <property name="java.runtime.version" value="1.8.0_292-8u292-b10-0ubuntu1~18.04-b10"/>
    <property name="java.awt.graphicsenv" value="sun.awt.X11GraphicsEnvironment"/>
    <property name="java.endorsed.dirs" value="/usr/lib/jvm/java-8-openjdk-amd64/jre/lib/endorsed"/>
    <property name="os.arch" value="amd64"/>
    <property name="java.io.tmpdir" value="/tmp"/>
    <property name="line.separator" value="&#10;"/>
    <property name="java.vm.specification.vendor" value="Oracle Corporation"/>
    <property name="os.name" value="Linux"/>
    <property name="classworlds.conf" value="/mnt/c/Program Files/apache-maven-3.6.3/bin/m2.conf"/>
    <property name="sun.jnu.encoding" value="UTF-8"/>
    <property name="java.library.path" value="/usr/java/packages/lib/amd64:/usr/lib/x86_64-linux-gnu/jni:/lib/x86_64-linux-gnu:/usr/lib/x86_64-linux-gnu:/usr/lib/jni:/lib:/usr/lib"/>
    <property name="maven.conf" value="/mnt/c/Program Files/apache-maven-3.6.3/conf"/>
    <property name="java.specification.name" value="Java Platform API Specification"/>
    <property name="java.class.version" value="52.0"/>
    <property name="sun.management.compiler" value="HotSpot 64-Bit Tiered Compilers"/>
    <property name="os.version" value="4.4.0-19041-Microsoft"/>
    <property name="library.jansi.path" value="/mnt/c/Program Files/apache-maven-3.6.3/lib/jansi-native"/>
    <property name="user.home" value="/root"/>
    <property name="user.timezone" value="America/Chicago"/>
    <property name="java.awt.printerjob" value="sun.print.PSPrinterJob"/>
    <property name="java.specification.version" value="1.8"/>
    <property name="file.encoding" value="UTF-8"/>
    <property name="user.name" value="root"/>
    <property name="java.class.path" value="/mnt/c/Program Files/apache-maven-3.6.3/boot/plexus-classworlds-2.6.0.jar"/>
    <property name="java.vm.specification.version" value="1.8"/>
    <property name="sun.arch.data.model" value="64"/>
    <property name="java.home" value="/usr/lib/jvm/java-8-openjdk-amd64/jre"/>
    <property name="sun.java.command" value="org.codehaus.plexus.classworlds.launcher.Launcher package"/>
    <property name="java.specification.vendor" value="Oracle Corporation"/>
    <property name="user.language" value="en"/>
    <property name="awt.toolkit" value="sun.awt.X11.XToolkit"/>
    <property name="java.vm.info" value="mixed mode"/>
    <property name="java.version" value="1.8.0_292"/>
    <property name="java.ext.dirs" value="/usr/lib/jvm/java-8-openjdk-amd64/jre/lib/ext:/usr/java/packages/lib/ext"/>
    <property name="securerandom.source" value="file:/dev/./urandom"/>
    <property name="sun.boot.class.path" value="/usr/lib/jvm/java-8-openjdk-amd64/jre/lib/resources.jar:/usr/lib/jvm/java-8-openjdk-amd64/jre/lib/rt.jar:/usr/lib/jvm/java-8-openjdk-amd64/jre/lib/sunrsasign.jar:/usr/lib/jvm/java-8-openjdk-amd64/jre/lib/jsse.jar:/usr/lib/jvm/java-8-openjdk-amd64/jre/lib/jce.jar:/usr/lib/jvm/java-8-openjdk-amd64/jre/lib/charsets.jar:/usr/lib/jvm/java-8-openjdk-amd64/jre/lib/jfr.jar:/usr/lib/jvm/java-8-openjdk-amd64/jre/classes"/>
    <property name="java.vendor" value="Private Build"/>
    <property name="maven.home" value="/mnt/c/Program Files/apache-maven-3.6.3"/>
    <property name="file.separator" value="/"/>
    <property name="java.vendor.url.bug" value="http://bugreport.sun.com/bugreport/"/>
    <property name="sun.cpu.endian" value="little"/>
    <property name="sun.io.unicode.encoding" value="UnicodeLittle"/>
    <property name="sun.cpu.isalist" value=""/>
  </properties>
  <testcase name="test4" classname="ProgramIncorrect_ESTest" time="0">
    <error message="ProgramIncorrect.findMax([J)J" type="java.lang.NoSuchMethodError">java.lang.NoSuchMethodError: ProgramIncorrect.findMax([J)J
	at ProgramIncorrect_ESTest.test4(ProgramIncorrect_ESTest.java:68)
</error>
  </testcase>
  <testcase name="test5" classname="ProgramIncorrect_ESTest" time="0"/>
  <testcase name="test2" classname="ProgramIncorrect_ESTest" time="0">
    <error message="ProgramIncorrect.findMax([J)J" type="java.lang.NoSuchMethodError">java.lang.NoSuchMethodError: ProgramIncorrect.findMax([J)J
	at ProgramIncorrect_ESTest.test2(ProgramIncorrect_ESTest.java:37)
</error>
  </testcase>
  <testcase name="test3" classname="ProgramIncorrect_ESTest" time="0.001">
    <error message="ProgramIncorrect.findMax([J)J" type="java.lang.NoSuchMethodError">java.lang.NoSuchMethodError: ProgramIncorrect.findMax([J)J
	at ProgramIncorrect_ESTest.test3(ProgramIncorrect_ESTest.java:53)
</error>
  </testcase>
  <testcase name="test6" classname="ProgramIncorrect_ESTest" time="0.003"/>
  <testcase name="test0" classname="ProgramIncorrect_ESTest" time="0.002">
    <error message="ProgramIncorrect.findMax([J)J" type="java.lang.NoSuchMethodError">java.lang.NoSuchMethodError: ProgramIncorrect.findMax([J)J
	at ProgramIncorrect_ESTest.test0(ProgramIncorrect_ESTest.java:21)
</error>
  </testcase>
  <testcase name="test1" classname="ProgramIncorrect_ESTest" time="0.002">
    <error message="ProgramIncorrect.findMax([J)J" type="java.lang.NoSuchMethodError">java.lang.NoSuchMethodError: ProgramIncorrect.findMax([J)J
	at ProgramIncorrect_ESTest.test1(ProgramIncorrect_ESTest.java:29)
</error>
  </testcase>
</testsuite>