<?xml version="1.0" encoding="UTF-8"?>
<testsuite name="RegressionTest0" time="0.039" tests="500" errors="68" skipped="0" failures="0">
  <properties>
[...]
</properties>
  <testcase name="test0001" classname="RegressionTest0" time="0.001"/>
  <testcase name="test0002" classname="RegressionTest0" time="0.004">
    <error type="java.lang.NullPointerException:">java.lang.NullPointerException: null
	at ProgramCorrect.findMax(ProgramCorrect.java:9)
	at TestProgram.TestStudentSubmission(TestProgram.java:9)
	at RegressionTest0.test0002(RegressionTest0.java:27)
</error>
  </testcase>
  <testcase name="test0003" classname="RegressionTest0" time="0"/>
  <testcase name="test0004" classname="RegressionTest0" time="0"/>
  <testcase name="test0005" classname="RegressionTest0" time="0"/>
  <testcase name="test0006" classname="RegressionTest0" time="0"/>
  <testcase name="test0007" classname="RegressionTest0" time="0"/>
  <testcase name="test0008" classname="RegressionTest0" time="0"/>
  <testcase name="test0009" classname="RegressionTest0" time="0">
    <error type="java.lang.NullPointerException:">java.lang.NullPointerException: null
	at ProgramCorrect.findMax(ProgramCorrect.java:9)
	at TestProgram.TestStudentSubmission(TestProgram.java:9)
	at RegressionTest0.test0009(RegressionTest0.java:136)
</error>
  </testcase>
  <testcase name="test0010" classname="RegressionTest0" time="0"/>
  <testcase name="test0011" classname="RegressionTest0" time="0.001"/>
  <testcase name="test0012" classname="RegressionTest0" time="0">
    <error type="java.lang.NullPointerException:">java.lang.NullPointerException: null
	at ProgramCorrect.findMax(ProgramCorrect.java:9)
	at TestProgram.TestStudentSubmission(TestProgram.java:9)
	at RegressionTest0.test0012(RegressionTest0.java:204)
</error>
  </testcase>
  <testcase name="test0013" classname="RegressionTest0" time="0"/>
  <testcase name="test0014" classname="RegressionTest0" time="0"/>
  <testcase name="test0015" classname="RegressionTest0" time="0"/>
  <testcase name="test0016" classname="RegressionTest0" time="0.001">
    <error type="java.lang.NullPointerException:">java.lang.NullPointerException: null
	at ProgramCorrect.findMax(ProgramCorrect.java:9)
	at TestProgram.TestStudentSubmission(TestProgram.java:9)
	at RegressionTest0.test0016(RegressionTest0.java:278)
</error>
  </testcase>
  <testcase name="test0017" classname="RegressionTest0" time="0"/>
  <testcase name="test0018" classname="RegressionTest0" time="0">
    <error type="java.lang.NullPointerException:">java.lang.NullPointerException: null
	at ProgramCorrect.findMax(ProgramCorrect.java:9)
	at TestProgram.TestStudentSubmission(TestProgram.java:9)
	at RegressionTest0.test0018(RegressionTest0.java:327)
</error>
  </testcase>
  <testcase name="test0019" classname="RegressionTest0" time="0">
    <error type="java.lang.NullPointerException:">java.lang.NullPointerException: null
	at ProgramCorrect.findMax(ProgramCorrect.java:9)
	at TestProgram.TestStudentSubmission(TestProgram.java:9)
	at RegressionTest0.test0019(RegressionTest0.java:373)
</error>
  </testcase>
  <testcase name="test0020" classname="RegressionTest0" time="0"/>
  <testcase name="test0021" classname="RegressionTest0" time="0.001">
    <error type="java.lang.NullPointerException:">java.lang.NullPointerException: null
	at ProgramCorrect.findMax(ProgramCorrect.java:9)
	at TestProgram.TestStudentSubmission(TestProgram.java:9)
	at RegressionTest0.test0021(RegressionTest0.java:430)
</error>
  </testcase>
  <testcase name="test0022" classname="RegressionTest0" time="0">
    <error type="java.lang.NullPointerException:">java.lang.NullPointerException: null
	at ProgramCorrect.findMax(ProgramCorrect.java:9)
	at TestProgram.TestStudentSubmission(TestProgram.java:9)
	at RegressionTest0.test0022(RegressionTest0.java:461)
</error>
  </testcase>
  <testcase name="test0023" classname="RegressionTest0" time="0"/>
  <testcase name="test0024" classname="RegressionTest0" time="0"/>
  <testcase name="test0025" classname="RegressionTest0" time="0"/>
  <testcase name="test0026" classname="RegressionTest0" time="0"/>
  <testcase name="test0027" classname="RegressionTest0" time="0"/>
  <testcase name="test0028" classname="RegressionTest0" time="0.001">
    <error type="java.lang.NullPointerException:">java.lang.NullPointerException: null
	at ProgramCorrect.findMax(ProgramCorrect.java:9)
	at TestProgram.TestStudentSubmission(TestProgram.java:9)
	at RegressionTest0.test0028(RegressionTest0.java:612)
</error>
  </testcase>
  <testcase name="test0029" classname="RegressionTest0" time="0">
    <error type="java.lang.NullPointerException:">java.lang.NullPointerException: null
	at ProgramCorrect.findMax(ProgramCorrect.java:9)
	at TestProgram.TestStudentSubmission(TestProgram.java:9)
	at RegressionTest0.test0029(RegressionTest0.java:663)
</error>
  </testcase>
  <testcase name="test0030" classname="RegressionTest0" time="0"/>
  <testcase name="test0031" classname="RegressionTest0" time="0">
    <error type="java.lang.NullPointerException:">java.lang.NullPointerException: null
	at ProgramCorrect.findMax(ProgramCorrect.java:9)
	at TestProgram.TestStudentSubmission(TestProgram.java:9)
	at RegressionTest0.test0031(RegressionTest0.java:751)
</error>
  </testcase>
  <testcase name="test0032" classname="RegressionTest0" time="0"/>
  <testcase name="test0033" classname="RegressionTest0" time="0">
    <error type="java.lang.NullPointerException:">java.lang.NullPointerException: null
	at ProgramCorrect.findMax(ProgramCorrect.java:9)
	at TestProgram.TestStudentSubmission(TestProgram.java:9)
	at RegressionTest0.test0033(RegressionTest0.java:842)
</error>
  </testcase>
  <testcase name="test0034" classname="RegressionTest0" time="0.001"/>
  <testcase name="test0035" classname="RegressionTest0" time="0"/>
  <testcase name="test0036" classname="RegressionTest0" time="0">
    <error type="java.lang.NullPointerException:">java.lang.NullPointerException: null
	at ProgramCorrect.findMax(ProgramCorrect.java:9)
	at TestProgram.TestStudentSubmission(TestProgram.java:9)
	at RegressionTest0.test0036(RegressionTest0.java:943)
</error>
  </testcase>
  <testcase name="test0037" classname="RegressionTest0" time="0"/>
  <testcase name="test0038" classname="RegressionTest0" time="0"/>
  <testcase name="test0039" classname="RegressionTest0" time="0">
    <error type="java.lang.NullPointerException:">java.lang.NullPointerException: null
	at ProgramCorrect.findMax(ProgramCorrect.java:9)
	at TestProgram.TestStudentSubmission(TestProgram.java:9)
	at RegressionTest0.test0039(RegressionTest0.java:1027)
</error>
  </testcase>
  <testcase name="test0040" classname="RegressionTest0" time="0"/>
  <testcase name="test0041" classname="RegressionTest0" time="0"/>
  <testcase name="test0042" classname="RegressionTest0" time="0"/>
  <testcase name="test0043" classname="RegressionTest0" time="0"/>
  <testcase name="test0044" classname="RegressionTest0" time="0">
    <error type="java.lang.NullPointerException:">java.lang.NullPointerException: null
	at ProgramCorrect.findMax(ProgramCorrect.java:9)
	at TestProgram.TestStudentSubmission(TestProgram.java:9)
	at RegressionTest0.test0044(RegressionTest0.java:1221)
</error>
  </testcase>
  <testcase name="test0045" classname="RegressionTest0" time="0"/>
  <testcase name="test0046" classname="RegressionTest0" time="0"/>
  <testcase name="test0047" classname="RegressionTest0" time="0"/>
  <testcase name="test0048" classname="RegressionTest0" time="0"/>
  <testcase name="test0049" classname="RegressionTest0" time="0"/>
  <testcase name="test0050" classname="RegressionTest0" time="0"/>
  <testcase name="test0051" classname="RegressionTest0" time="0"/>
  <testcase name="test0052" classname="RegressionTest0" time="0"/>
  <testcase name="test0053" classname="RegressionTest0" time="0">
    <error type="java.lang.NullPointerException:">java.lang.NullPointerException: null
	at ProgramCorrect.findMax(ProgramCorrect.java:9)
	at TestProgram.TestStudentSubmission(TestProgram.java:9)
	at RegressionTest0.test0053(RegressionTest0.java:1534)
</error>
  </testcase>
  <testcase name="test0054" classname="RegressionTest0" time="0"/>
  <testcase name="test0055" classname="RegressionTest0" time="0"/>
  <testcase name="test0056" classname="RegressionTest0" time="0"/>
  <testcase name="test0057" classname="RegressionTest0" time="0"/>
  <testcase name="test0058" classname="RegressionTest0" time="0"/>
  <testcase name="test0059" classname="RegressionTest0" time="0"/>
  <testcase name="test0060" classname="RegressionTest0" time="0"/>
  <testcase name="test0061" classname="RegressionTest0" time="0"/>
  <testcase name="test0062" classname="RegressionTest0" time="0"/>
  <testcase name="test0063" classname="RegressionTest0" time="0"/>
  <testcase name="test0064" classname="RegressionTest0" time="0"/>
  <testcase name="test0065" classname="RegressionTest0" time="0"/>
  <testcase name="test0066" classname="RegressionTest0" time="0"/>
  <testcase name="test0067" classname="RegressionTest0" time="0"/>
  <testcase name="test0068" classname="RegressionTest0" time="0"/>
  <testcase name="test0069" classname="RegressionTest0" time="0"/>
  <testcase name="test0070" classname="RegressionTest0" time="0"/>
  <testcase name="test0071" classname="RegressionTest0" time="0"/>
  <testcase name="test0072" classname="RegressionTest0" time="0"/>
  <testcase name="test0073" classname="RegressionTest0" time="0"/>
  <testcase name="test0074" classname="RegressionTest0" time="0">
    <error type="java.lang.NullPointerException:">java.lang.NullPointerException: null
	at ProgramCorrect.findMax(ProgramCorrect.java:9)
	at TestProgram.TestStudentSubmission(TestProgram.java:9)
	at RegressionTest0.test0074(RegressionTest0.java:2677)
</error>
  </testcase>
  <testcase name="test0075" classname="RegressionTest0" time="0"/>
  <testcase name="test0076" classname="RegressionTest0" time="0"/>
  <testcase name="test0077" classname="RegressionTest0" time="0">
    <error type="java.lang.NullPointerException:">java.lang.NullPointerException: null
	at ProgramCorrect.findMax(ProgramCorrect.java:9)
	at TestProgram.TestStudentSubmission(TestProgram.java:9)
	at RegressionTest0.test0077(RegressionTest0.java:2866)
</error>
  </testcase>
  <testcase name="test0078" classname="RegressionTest0" time="0"/>
  <testcase name="test0079" classname="RegressionTest0" time="0"/>
  <testcase name="test0080" classname="RegressionTest0" time="0"/>
  <testcase name="test0081" classname="RegressionTest0" time="0"/>
  <testcase name="test0082" classname="RegressionTest0" time="0"/>
  <testcase name="test0083" classname="RegressionTest0" time="0.001"/>
  <testcase name="test0084" classname="RegressionTest0" time="0">
    <error type="java.lang.NullPointerException:">java.lang.NullPointerException: null
	at ProgramCorrect.findMax(ProgramCorrect.java:9)
	at TestProgram.TestStudentSubmission(TestProgram.java:9)
	at RegressionTest0.test0084(RegressionTest0.java:3312)
</error>
  </testcase>
  <testcase name="test0085" classname="RegressionTest0" time="0"/>
  <testcase name="test0086" classname="RegressionTest0" time="0"/>
  <testcase name="test0087" classname="RegressionTest0" time="0"/>
  <testcase name="test0088" classname="RegressionTest0" time="0"/>
  <testcase name="test0089" classname="RegressionTest0" time="0">
    <error type="java.lang.NullPointerException:">java.lang.NullPointerException: null
	at ProgramCorrect.findMax(ProgramCorrect.java:9)
	at TestProgram.TestStudentSubmission(TestProgram.java:9)
	at RegressionTest0.test0089(RegressionTest0.java:3709)
</error>
  </testcase>
  <testcase name="test0090" classname="RegressionTest0" time="0"/>
  <testcase name="test0091" classname="RegressionTest0" time="0"/>
  <testcase name="test0092" classname="RegressionTest0" time="0"/>
  <testcase name="test0093" classname="RegressionTest0" time="0"/>
  <testcase name="test0094" classname="RegressionTest0" time="0"/>
  <testcase name="test0095" classname="RegressionTest0" time="0"/>
  <testcase name="test0096" classname="RegressionTest0" time="0"/>
  <testcase name="test0097" classname="RegressionTest0" time="0"/>
  <testcase name="test0098" classname="RegressionTest0" time="0"/>
  <testcase name="test0099" classname="RegressionTest0" time="0.001"/>
  <testcase name="test0100" classname="RegressionTest0" time="0"/>
  <testcase name="test0101" classname="RegressionTest0" time="0"/>
  <testcase name="test0102" classname="RegressionTest0" time="0"/>
  <testcase name="test0103" classname="RegressionTest0" time="0"/>
  <testcase name="test0104" classname="RegressionTest0" time="0"/>
  <testcase name="test0105" classname="RegressionTest0" time="0"/>
  <testcase name="test0106" classname="RegressionTest0" time="0"/>
  <testcase name="test0107" classname="RegressionTest0" time="0">
    <error type="java.lang.NullPointerException:">java.lang.NullPointerException: null
	at ProgramCorrect.findMax(ProgramCorrect.java:9)
	at TestProgram.TestStudentSubmission(TestProgram.java:9)
	at RegressionTest0.test0107(RegressionTest0.java:4395)
</error>
  </testcase>
  <testcase name="test0108" classname="RegressionTest0" time="0"/>
  <testcase name="test0109" classname="RegressionTest0" time="0"/>
  <testcase name="test0110" classname="RegressionTest0" time="0"/>
  <testcase name="test0111" classname="RegressionTest0" time="0"/>
  <testcase name="test0112" classname="RegressionTest0" time="0"/>
  <testcase name="test0113" classname="RegressionTest0" time="0"/>
  <testcase name="test0114" classname="RegressionTest0" time="0"/>
  <testcase name="test0115" classname="RegressionTest0" time="0"/>
  <testcase name="test0116" classname="RegressionTest0" time="0">
    <error type="java.lang.NullPointerException:">java.lang.NullPointerException: null
	at ProgramCorrect.findMax(ProgramCorrect.java:9)
	at TestProgram.TestStudentSubmission(TestProgram.java:9)
	at RegressionTest0.test0116(RegressionTest0.java:4883)
</error>
  </testcase>
  <testcase name="test0117" classname="RegressionTest0" time="0"/>
  <testcase name="test0118" classname="RegressionTest0" time="0"/>
  <testcase name="test0119" classname="RegressionTest0" time="0"/>
  <testcase name="test0120" classname="RegressionTest0" time="0"/>
  <testcase name="test0121" classname="RegressionTest0" time="0"/>
  <testcase name="test0122" classname="RegressionTest0" time="0"/>
  <testcase name="test0123" classname="RegressionTest0" time="0"/>
  <testcase name="test0124" classname="RegressionTest0" time="0"/>
  <testcase name="test0125" classname="RegressionTest0" time="0"/>
  <testcase name="test0126" classname="RegressionTest0" time="0"/>
  <testcase name="test0127" classname="RegressionTest0" time="0.001">
    <error type="java.lang.NullPointerException:">java.lang.NullPointerException: null
	at ProgramCorrect.findMax(ProgramCorrect.java:9)
	at TestProgram.TestStudentSubmission(TestProgram.java:9)
	at RegressionTest0.test0127(RegressionTest0.java:5688)
</error>
  </testcase>
  <testcase name="test0128" classname="RegressionTest0" time="0"/>
  <testcase name="test0129" classname="RegressionTest0" time="0"/>
  <testcase name="test0130" classname="RegressionTest0" time="0"/>
  <testcase name="test0131" classname="RegressionTest0" time="0"/>
  <testcase name="test0132" classname="RegressionTest0" time="0"/>
  <testcase name="test0133" classname="RegressionTest0" time="0"/>
  <testcase name="test0134" classname="RegressionTest0" time="0.001">
    <error type="java.lang.NullPointerException:">java.lang.NullPointerException: null
	at ProgramCorrect.findMax(ProgramCorrect.java:9)
	at TestProgram.TestStudentSubmission(TestProgram.java:9)
	at RegressionTest0.test0134(RegressionTest0.java:6377)
</error>
  </testcase>
  <testcase name="test0135" classname="RegressionTest0" time="0"/>
  <testcase name="test0136" classname="RegressionTest0" time="0"/>
  <testcase name="test0137" classname="RegressionTest0" time="0"/>
  <testcase name="test0138" classname="RegressionTest0" time="0"/>
  <testcase name="test0139" classname="RegressionTest0" time="0"/>
  <testcase name="test0140" classname="RegressionTest0" time="0"/>
  <testcase name="test0141" classname="RegressionTest0" time="0"/>
  <testcase name="test0142" classname="RegressionTest0" time="0"/>
  <testcase name="test0143" classname="RegressionTest0" time="0"/>
  <testcase name="test0144" classname="RegressionTest0" time="0"/>
  <testcase name="test0145" classname="RegressionTest0" time="0"/>
  <testcase name="test0146" classname="RegressionTest0" time="0"/>
  <testcase name="test0147" classname="RegressionTest0" time="0.001">
    <error type="java.lang.NullPointerException:">java.lang.NullPointerException: null
	at ProgramCorrect.findMax(ProgramCorrect.java:9)
	at TestProgram.TestStudentSubmission(TestProgram.java:9)
	at RegressionTest0.test0147(RegressionTest0.java:7121)
</error>
  </testcase>
  <testcase name="test0148" classname="RegressionTest0" time="0"/>
  <testcase name="test0149" classname="RegressionTest0" time="0">
    <error type="java.lang.NullPointerException:">java.lang.NullPointerException: null
	at ProgramCorrect.findMax(ProgramCorrect.java:9)
	at TestProgram.TestStudentSubmission(TestProgram.java:9)
	at RegressionTest0.test0149(RegressionTest0.java:7337)
</error>
  </testcase>
  <testcase name="test0150" classname="RegressionTest0" time="0"/>
  <testcase name="test0151" classname="RegressionTest0" time="0"/>
  <testcase name="test0152" classname="RegressionTest0" time="0"/>
  <testcase name="test0153" classname="RegressionTest0" time="0"/>
  <testcase name="test0154" classname="RegressionTest0" time="0">
    <error type="java.lang.NullPointerException:">java.lang.NullPointerException: null
	at ProgramCorrect.findMax(ProgramCorrect.java:9)
	at TestProgram.TestStudentSubmission(TestProgram.java:9)
	at RegressionTest0.test0154(RegressionTest0.java:7664)
</error>
  </testcase>
  <testcase name="test0155" classname="RegressionTest0" time="0"/>
  <testcase name="test0156" classname="RegressionTest0" time="0">
    <error type="java.lang.NullPointerException:">java.lang.NullPointerException: null
	at ProgramCorrect.findMax(ProgramCorrect.java:9)
	at TestProgram.TestStudentSubmission(TestProgram.java:9)
	at RegressionTest0.test0156(RegressionTest0.java:7732)
</error>
  </testcase>
  <testcase name="test0157" classname="RegressionTest0" time="0"/>
  <testcase name="test0158" classname="RegressionTest0" time="0">
    <error type="java.lang.NullPointerException:">java.lang.NullPointerException: null
	at ProgramCorrect.findMax(ProgramCorrect.java:9)
	at TestProgram.TestStudentSubmission(TestProgram.java:9)
	at RegressionTest0.test0158(RegressionTest0.java:7840)
</error>
  </testcase>
  <testcase name="test0159" classname="RegressionTest0" time="0.001"/>
  <testcase name="test0160" classname="RegressionTest0" time="0"/>
  <testcase name="test0161" classname="RegressionTest0" time="0">
    <error type="java.lang.NullPointerException:">java.lang.NullPointerException: null
	at ProgramCorrect.findMax(ProgramCorrect.java:9)
	at TestProgram.TestStudentSubmission(TestProgram.java:9)
	at RegressionTest0.test0161(RegressionTest0.java:8155)
</error>
  </testcase>
  <testcase name="test0162" classname="RegressionTest0" time="0"/>
  <testcase name="test0163" classname="RegressionTest0" time="0"/>
  <testcase name="test0164" classname="RegressionTest0" time="0"/>
  <testcase name="test0165" classname="RegressionTest0" time="0"/>
  <testcase name="test0166" classname="RegressionTest0" time="0"/>
  <testcase name="test0167" classname="RegressionTest0" time="0"/>
  <testcase name="test0168" classname="RegressionTest0" time="0"/>
  <testcase name="test0169" classname="RegressionTest0" time="0">
    <error type="java.lang.NullPointerException:">java.lang.NullPointerException: null
	at ProgramCorrect.findMax(ProgramCorrect.java:9)
	at TestProgram.TestStudentSubmission(TestProgram.java:9)
	at RegressionTest0.test0169(RegressionTest0.java:8592)
</error>
  </testcase>
  <testcase name="test0170" classname="RegressionTest0" time="0"/>
  <testcase name="test0171" classname="RegressionTest0" time="0"/>
  <testcase name="test0172" classname="RegressionTest0" time="0"/>
  <testcase name="test0173" classname="RegressionTest0" time="0.001">
    <error type="java.lang.NullPointerException:">java.lang.NullPointerException: null
	at ProgramCorrect.findMax(ProgramCorrect.java:9)
	at TestProgram.TestStudentSubmission(TestProgram.java:9)
	at RegressionTest0.test0173(RegressionTest0.java:8887)
</error>
  </testcase>
  <testcase name="test0174" classname="RegressionTest0" time="0"/>
  <testcase name="test0175" classname="RegressionTest0" time="0"/>
  <testcase name="test0176" classname="RegressionTest0" time="0"/>
  <testcase name="test0177" classname="RegressionTest0" time="0"/>
  <testcase name="test0178" classname="RegressionTest0" time="0"/>
  <testcase name="test0179" classname="RegressionTest0" time="0"/>
  <testcase name="test0180" classname="RegressionTest0" time="0.001"/>
  <testcase name="test0181" classname="RegressionTest0" time="0"/>
  <testcase name="test0182" classname="RegressionTest0" time="0"/>
  <testcase name="test0183" classname="RegressionTest0" time="0"/>
  <testcase name="test0184" classname="RegressionTest0" time="0">
    <error type="java.lang.NullPointerException:">java.lang.NullPointerException: null
	at ProgramCorrect.findMax(ProgramCorrect.java:9)
	at TestProgram.TestStudentSubmission(TestProgram.java:9)
	at RegressionTest0.test0184(RegressionTest0.java:9641)
</error>
  </testcase>
  <testcase name="test0185" classname="RegressionTest0" time="0"/>
  <testcase name="test0186" classname="RegressionTest0" time="0"/>
  <testcase name="test0187" classname="RegressionTest0" time="0"/>
  <testcase name="test0188" classname="RegressionTest0" time="0"/>
  <testcase name="test0189" classname="RegressionTest0" time="0">
    <error type="java.lang.NullPointerException:">java.lang.NullPointerException: null
	at ProgramCorrect.findMax(ProgramCorrect.java:9)
	at TestProgram.TestStudentSubmission(TestProgram.java:9)
	at RegressionTest0.test0189(RegressionTest0.java:9949)
</error>
  </testcase>
  <testcase name="test0190" classname="RegressionTest0" time="0"/>
  <testcase name="test0191" classname="RegressionTest0" time="0"/>
  <testcase name="test0192" classname="RegressionTest0" time="0"/>
  <testcase name="test0193" classname="RegressionTest0" time="0"/>
  <testcase name="test0194" classname="RegressionTest0" time="0"/>
  <testcase name="test0195" classname="RegressionTest0" time="0"/>
  <testcase name="test0196" classname="RegressionTest0" time="0"/>
  <testcase name="test0197" classname="RegressionTest0" time="0"/>
  <testcase name="test0198" classname="RegressionTest0" time="0"/>
  <testcase name="test0199" classname="RegressionTest0" time="0"/>
  <testcase name="test0200" classname="RegressionTest0" time="0"/>
  <testcase name="test0201" classname="RegressionTest0" time="0"/>
  <testcase name="test0202" classname="RegressionTest0" time="0"/>
  <testcase name="test0203" classname="RegressionTest0" time="0"/>
  <testcase name="test0204" classname="RegressionTest0" time="0">
    <error type="java.lang.NullPointerException:">java.lang.NullPointerException: null
	at ProgramCorrect.findMax(ProgramCorrect.java:9)
	at TestProgram.TestStudentSubmission(TestProgram.java:9)
	at RegressionTest0.test0204(RegressionTest0.java:10742)
</error>
  </testcase>
  <testcase name="test0205" classname="RegressionTest0" time="0"/>
  <testcase name="test0206" classname="RegressionTest0" time="0.001"/>
  <testcase name="test0207" classname="RegressionTest0" time="0"/>
  <testcase name="test0208" classname="RegressionTest0" time="0"/>
  <testcase name="test0209" classname="RegressionTest0" time="0"/>
  <testcase name="test0210" classname="RegressionTest0" time="0"/>
  <testcase name="test0211" classname="RegressionTest0" time="0"/>
  <testcase name="test0212" classname="RegressionTest0" time="0"/>
  <testcase name="test0213" classname="RegressionTest0" time="0"/>
  <testcase name="test0214" classname="RegressionTest0" time="0"/>
  <testcase name="test0215" classname="RegressionTest0" time="0"/>
  <testcase name="test0216" classname="RegressionTest0" time="0.001"/>
  <testcase name="test0217" classname="RegressionTest0" time="0"/>
  <testcase name="test0218" classname="RegressionTest0" time="0">
    <error type="java.lang.NullPointerException:">java.lang.NullPointerException: null
	at ProgramCorrect.findMax(ProgramCorrect.java:9)
	at TestProgram.TestStudentSubmission(TestProgram.java:9)
	at RegressionTest0.test0218(RegressionTest0.java:11628)
</error>
  </testcase>
  <testcase name="test0219" classname="RegressionTest0" time="0"/>
  <testcase name="test0220" classname="RegressionTest0" time="0"/>
  <testcase name="test0221" classname="RegressionTest0" time="0"/>
  <testcase name="test0222" classname="RegressionTest0" time="0"/>
  <testcase name="test0223" classname="RegressionTest0" time="0.001">
    <error type="java.lang.NullPointerException:">java.lang.NullPointerException: null
	at ProgramCorrect.findMax(ProgramCorrect.java:9)
	at TestProgram.TestStudentSubmission(TestProgram.java:9)
	at RegressionTest0.test0223(RegressionTest0.java:11947)
</error>
  </testcase>
  <testcase name="test0224" classname="RegressionTest0" time="0"/>
  <testcase name="test0225" classname="RegressionTest0" time="0"/>
  <testcase name="test0226" classname="RegressionTest0" time="0"/>
  <testcase name="test0227" classname="RegressionTest0" time="0"/>
  <testcase name="test0228" classname="RegressionTest0" time="0.001"/>
  <testcase name="test0229" classname="RegressionTest0" time="0"/>
  <testcase name="test0230" classname="RegressionTest0" time="0"/>
  <testcase name="test0231" classname="RegressionTest0" time="0"/>
  <testcase name="test0232" classname="RegressionTest0" time="0"/>
  <testcase name="test0233" classname="RegressionTest0" time="0"/>
  <testcase name="test0234" classname="RegressionTest0" time="0"/>
  <testcase name="test0235" classname="RegressionTest0" time="0.001">
    <error type="java.lang.NullPointerException:">java.lang.NullPointerException: null
	at ProgramCorrect.findMax(ProgramCorrect.java:9)
	at TestProgram.TestStudentSubmission(TestProgram.java:9)
	at RegressionTest0.test0235(RegressionTest0.java:12749)
</error>
  </testcase>
  <testcase name="test0236" classname="RegressionTest0" time="0"/>
  <testcase name="test0237" classname="RegressionTest0" time="0">
    <error type="java.lang.NullPointerException:">java.lang.NullPointerException: null
	at ProgramCorrect.findMax(ProgramCorrect.java:9)
	at TestProgram.TestStudentSubmission(TestProgram.java:9)
	at RegressionTest0.test0237(RegressionTest0.java:12900)
</error>
  </testcase>
  <testcase name="test0238" classname="RegressionTest0" time="0"/>
  <testcase name="test0239" classname="RegressionTest0" time="0"/>
  <testcase name="test0240" classname="RegressionTest0" time="0"/>
  <testcase name="test0241" classname="RegressionTest0" time="0"/>
  <testcase name="test0242" classname="RegressionTest0" time="0"/>
  <testcase name="test0243" classname="RegressionTest0" time="0"/>
  <testcase name="test0244" classname="RegressionTest0" time="0.001"/>
  <testcase name="test0245" classname="RegressionTest0" time="0">
    <error type="java.lang.NullPointerException:">java.lang.NullPointerException: null
	at ProgramCorrect.findMax(ProgramCorrect.java:9)
	at TestProgram.TestStudentSubmission(TestProgram.java:9)
	at RegressionTest0.test0245(RegressionTest0.java:13648)
</error>
  </testcase>
  <testcase name="test0246" classname="RegressionTest0" time="0"/>
  <testcase name="test0247" classname="RegressionTest0" time="0"/>
  <testcase name="test0248" classname="RegressionTest0" time="0"/>
  <testcase name="test0249" classname="RegressionTest0" time="0.001"/>
  <testcase name="test0250" classname="RegressionTest0" time="0"/>
  <testcase name="test0251" classname="RegressionTest0" time="0">
    <error type="java.lang.NullPointerException:">java.lang.NullPointerException: null
	at ProgramCorrect.findMax(ProgramCorrect.java:9)
	at TestProgram.TestStudentSubmission(TestProgram.java:9)
	at RegressionTest0.test0251(RegressionTest0.java:14249)
</error>
  </testcase>
  <testcase name="test0252" classname="RegressionTest0" time="0"/>
  <testcase name="test0253" classname="RegressionTest0" time="0"/>
  <testcase name="test0254" classname="RegressionTest0" time="0"/>
  <testcase name="test0255" classname="RegressionTest0" time="0"/>
  <testcase name="test0256" classname="RegressionTest0" time="0"/>
  <testcase name="test0257" classname="RegressionTest0" time="0"/>
  <testcase name="test0258" classname="RegressionTest0" time="0"/>
  <testcase name="test0259" classname="RegressionTest0" time="0">
    <error type="java.lang.NullPointerException:">java.lang.NullPointerException: null
	at ProgramCorrect.findMax(ProgramCorrect.java:9)
	at TestProgram.TestStudentSubmission(TestProgram.java:9)
	at RegressionTest0.test0259(RegressionTest0.java:14672)
</error>
  </testcase>
  <testcase name="test0260" classname="RegressionTest0" time="0.001">
    <error type="java.lang.NullPointerException:">java.lang.NullPointerException: null
	at ProgramCorrect.findMax(ProgramCorrect.java:9)
	at TestProgram.TestStudentSubmission(TestProgram.java:9)
	at RegressionTest0.test0260(RegressionTest0.java:14797)
</error>
  </testcase>
  <testcase name="test0261" classname="RegressionTest0" time="0"/>
  <testcase name="test0262" classname="RegressionTest0" time="0">
    <error type="java.lang.NullPointerException:">java.lang.NullPointerException: null
	at ProgramCorrect.findMax(ProgramCorrect.java:9)
	at TestProgram.TestStudentSubmission(TestProgram.java:9)
	at RegressionTest0.test0262(RegressionTest0.java:14932)
</error>
  </testcase>
  <testcase name="test0263" classname="RegressionTest0" time="0"/>
  <testcase name="test0264" classname="RegressionTest0" time="0"/>
  <testcase name="test0265" classname="RegressionTest0" time="0"/>
  <testcase name="test0266" classname="RegressionTest0" time="0"/>
  <testcase name="test0267" classname="RegressionTest0" time="0"/>
  <testcase name="test0268" classname="RegressionTest0" time="0"/>
  <testcase name="test0269" classname="RegressionTest0" time="0"/>
  <testcase name="test0270" classname="RegressionTest0" time="0"/>
  <testcase name="test0271" classname="RegressionTest0" time="0"/>
  <testcase name="test0272" classname="RegressionTest0" time="0.001">
    <error type="java.lang.NullPointerException:">java.lang.NullPointerException: null
	at ProgramCorrect.findMax(ProgramCorrect.java:9)
	at TestProgram.TestStudentSubmission(TestProgram.java:9)
	at RegressionTest0.test0272(RegressionTest0.java:15812)
</error>
  </testcase>
  <testcase name="test0273" classname="RegressionTest0" time="0">
    <error type="java.lang.NullPointerException:">java.lang.NullPointerException: null
	at ProgramCorrect.findMax(ProgramCorrect.java:9)
	at TestProgram.TestStudentSubmission(TestProgram.java:9)
	at RegressionTest0.test0273(RegressionTest0.java:15900)
</error>
  </testcase>
  <testcase name="test0274" classname="RegressionTest0" time="0"/>
  <testcase name="test0275" classname="RegressionTest0" time="0"/>
  <testcase name="test0276" classname="RegressionTest0" time="0"/>
  <testcase name="test0277" classname="RegressionTest0" time="0"/>
  <testcase name="test0278" classname="RegressionTest0" time="0"/>
  <testcase name="test0279" classname="RegressionTest0" time="0"/>
  <testcase name="test0280" classname="RegressionTest0" time="0"/>
  <testcase name="test0281" classname="RegressionTest0" time="0">
    <error type="java.lang.NullPointerException:">java.lang.NullPointerException: null
	at ProgramCorrect.findMax(ProgramCorrect.java:9)
	at TestProgram.TestStudentSubmission(TestProgram.java:9)
	at RegressionTest0.test0281(RegressionTest0.java:16414)
</error>
  </testcase>
  <testcase name="test0282" classname="RegressionTest0" time="0"/>
  <testcase name="test0283" classname="RegressionTest0" time="0"/>
  <testcase name="test0284" classname="RegressionTest0" time="0"/>
  <testcase name="test0285" classname="RegressionTest0" time="0"/>
  <testcase name="test0286" classname="RegressionTest0" time="0.001"/>
  <testcase name="test0287" classname="RegressionTest0" time="0"/>
  <testcase name="test0288" classname="RegressionTest0" time="0"/>
  <testcase name="test0289" classname="RegressionTest0" time="0"/>
  <testcase name="test0290" classname="RegressionTest0" time="0"/>
  <testcase name="test0291" classname="RegressionTest0" time="0">
    <error type="java.lang.NullPointerException:">java.lang.NullPointerException: null
	at ProgramCorrect.findMax(ProgramCorrect.java:9)
	at TestProgram.TestStudentSubmission(TestProgram.java:9)
	at RegressionTest0.test0291(RegressionTest0.java:17183)
</error>
  </testcase>
  <testcase name="test0292" classname="RegressionTest0" time="0"/>
  <testcase name="test0293" classname="RegressionTest0" time="0"/>
  <testcase name="test0294" classname="RegressionTest0" time="0"/>
  <testcase name="test0295" classname="RegressionTest0" time="0"/>
  <testcase name="test0296" classname="RegressionTest0" time="0"/>
  <testcase name="test0297" classname="RegressionTest0" time="0"/>
  <testcase name="test0298" classname="RegressionTest0" time="0.001"/>
  <testcase name="test0299" classname="RegressionTest0" time="0"/>
  <testcase name="test0300" classname="RegressionTest0" time="0"/>
  <testcase name="test0301" classname="RegressionTest0" time="0"/>
  <testcase name="test0302" classname="RegressionTest0" time="0"/>
  <testcase name="test0303" classname="RegressionTest0" time="0"/>
  <testcase name="test0304" classname="RegressionTest0" time="0"/>
  <testcase name="test0305" classname="RegressionTest0" time="0"/>
  <testcase name="test0306" classname="RegressionTest0" time="0"/>
  <testcase name="test0307" classname="RegressionTest0" time="0"/>
  <testcase name="test0308" classname="RegressionTest0" time="0"/>
  <testcase name="test0309" classname="RegressionTest0" time="0"/>
  <testcase name="test0310" classname="RegressionTest0" time="0"/>
  <testcase name="test0311" classname="RegressionTest0" time="0"/>
  <testcase name="test0312" classname="RegressionTest0" time="0"/>
  <testcase name="test0313" classname="RegressionTest0" time="0"/>
  <testcase name="test0314" classname="RegressionTest0" time="0">
    <error type="java.lang.NullPointerException:">java.lang.NullPointerException: null
	at ProgramCorrect.findMax(ProgramCorrect.java:9)
	at TestProgram.TestStudentSubmission(TestProgram.java:9)
	at RegressionTest0.test0314(RegressionTest0.java:18931)
</error>
  </testcase>
  <testcase name="test0315" classname="RegressionTest0" time="0.001">
    <error type="java.lang.NullPointerException:">java.lang.NullPointerException: null
	at ProgramCorrect.findMax(ProgramCorrect.java:9)
	at TestProgram.TestStudentSubmission(TestProgram.java:9)
	at RegressionTest0.test0315(RegressionTest0.java:19032)
</error>
  </testcase>
  <testcase name="test0316" classname="RegressionTest0" time="0"/>
  <testcase name="test0317" classname="RegressionTest0" time="0"/>
  <testcase name="test0318" classname="RegressionTest0" time="0"/>
  <testcase name="test0319" classname="RegressionTest0" time="0"/>
  <testcase name="test0320" classname="RegressionTest0" time="0"/>
  <testcase name="test0321" classname="RegressionTest0" time="0"/>
  <testcase name="test0322" classname="RegressionTest0" time="0"/>
  <testcase name="test0323" classname="RegressionTest0" time="0"/>
  <testcase name="test0324" classname="RegressionTest0" time="0"/>
  <testcase name="test0325" classname="RegressionTest0" time="0"/>
  <testcase name="test0326" classname="RegressionTest0" time="0"/>
  <testcase name="test0327" classname="RegressionTest0" time="0"/>
  <testcase name="test0328" classname="RegressionTest0" time="0"/>
  <testcase name="test0329" classname="RegressionTest0" time="0">
    <error type="java.lang.NullPointerException:">java.lang.NullPointerException: null
	at ProgramCorrect.findMax(ProgramCorrect.java:9)
	at TestProgram.TestStudentSubmission(TestProgram.java:9)
	at RegressionTest0.test0329(RegressionTest0.java:20522)
</error>
  </testcase>
  <testcase name="test0330" classname="RegressionTest0" time="0"/>
  <testcase name="test0331" classname="RegressionTest0" time="0"/>
  <testcase name="test0332" classname="RegressionTest0" time="0"/>
  <testcase name="test0333" classname="RegressionTest0" time="0"/>
  <testcase name="test0334" classname="RegressionTest0" time="0"/>
  <testcase name="test0335" classname="RegressionTest0" time="0"/>
  <testcase name="test0336" classname="RegressionTest0" time="0"/>
  <testcase name="test0337" classname="RegressionTest0" time="0"/>
  <testcase name="test0338" classname="RegressionTest0" time="0"/>
  <testcase name="test0339" classname="RegressionTest0" time="0"/>
  <testcase name="test0340" classname="RegressionTest0" time="0"/>
  <testcase name="test0341" classname="RegressionTest0" time="0.001"/>
  <testcase name="test0342" classname="RegressionTest0" time="0"/>
  <testcase name="test0343" classname="RegressionTest0" time="0"/>
  <testcase name="test0344" classname="RegressionTest0" time="0">
    <error type="java.lang.NullPointerException:">java.lang.NullPointerException: null
	at ProgramCorrect.findMax(ProgramCorrect.java:9)
	at TestProgram.TestStudentSubmission(TestProgram.java:9)
	at RegressionTest0.test0344(RegressionTest0.java:21987)
</error>
  </testcase>
  <testcase name="test0345" classname="RegressionTest0" time="0"/>
  <testcase name="test0346" classname="RegressionTest0" time="0">
    <error type="java.lang.NullPointerException:">java.lang.NullPointerException: null
	at ProgramCorrect.findMax(ProgramCorrect.java:9)
	at TestProgram.TestStudentSubmission(TestProgram.java:9)
	at RegressionTest0.test0346(RegressionTest0.java:22135)
</error>
  </testcase>
  <testcase name="test0347" classname="RegressionTest0" time="0"/>
  <testcase name="test0348" classname="RegressionTest0" time="0.001"/>
  <testcase name="test0349" classname="RegressionTest0" time="0"/>
  <testcase name="test0350" classname="RegressionTest0" time="0"/>
  <testcase name="test0351" classname="RegressionTest0" time="0">
    <error type="java.lang.NullPointerException:">java.lang.NullPointerException: null
	at ProgramCorrect.findMax(ProgramCorrect.java:9)
	at TestProgram.TestStudentSubmission(TestProgram.java:9)
	at RegressionTest0.test0351(RegressionTest0.java:22471)
</error>
  </testcase>
  <testcase name="test0352" classname="RegressionTest0" time="0"/>
  <testcase name="test0353" classname="RegressionTest0" time="0"/>
  <testcase name="test0354" classname="RegressionTest0" time="0"/>
  <testcase name="test0355" classname="RegressionTest0" time="0"/>
  <testcase name="test0356" classname="RegressionTest0" time="0"/>
  <testcase name="test0357" classname="RegressionTest0" time="0"/>
  <testcase name="test0358" classname="RegressionTest0" time="0"/>
  <testcase name="test0359" classname="RegressionTest0" time="0">
    <error type="java.lang.NullPointerException:">java.lang.NullPointerException: null
	at ProgramCorrect.findMax(ProgramCorrect.java:9)
	at TestProgram.TestStudentSubmission(TestProgram.java:9)
	at RegressionTest0.test0359(RegressionTest0.java:22972)
</error>
  </testcase>
  <testcase name="test0360" classname="RegressionTest0" time="0"/>
  <testcase name="test0361" classname="RegressionTest0" time="0"/>
  <testcase name="test0362" classname="RegressionTest0" time="0"/>
  <testcase name="test0363" classname="RegressionTest0" time="0"/>
  <testcase name="test0364" classname="RegressionTest0" time="0"/>
  <testcase name="test0365" classname="RegressionTest0" time="0"/>
  <testcase name="test0366" classname="RegressionTest0" time="0.001">
    <error type="java.lang.NullPointerException:">java.lang.NullPointerException: null
	at ProgramCorrect.findMax(ProgramCorrect.java:9)
	at TestProgram.TestStudentSubmission(TestProgram.java:9)
	at RegressionTest0.test0366(RegressionTest0.java:23542)
</error>
  </testcase>
  <testcase name="test0367" classname="RegressionTest0" time="0"/>
  <testcase name="test0368" classname="RegressionTest0" time="0"/>
  <testcase name="test0369" classname="RegressionTest0" time="0"/>
  <testcase name="test0370" classname="RegressionTest0" time="0"/>
  <testcase name="test0371" classname="RegressionTest0" time="0">
    <error type="java.lang.NullPointerException:">java.lang.NullPointerException: null
	at ProgramCorrect.findMax(ProgramCorrect.java:9)
	at TestProgram.TestStudentSubmission(TestProgram.java:9)
	at RegressionTest0.test0371(RegressionTest0.java:23749)
</error>
  </testcase>
  <testcase name="test0372" classname="RegressionTest0" time="0"/>
  <testcase name="test0373" classname="RegressionTest0" time="0"/>
  <testcase name="test0374" classname="RegressionTest0" time="0"/>
  <testcase name="test0375" classname="RegressionTest0" time="0"/>
  <testcase name="test0376" classname="RegressionTest0" time="0"/>
  <testcase name="test0377" classname="RegressionTest0" time="0"/>
  <testcase name="test0378" classname="RegressionTest0" time="0"/>
  <testcase name="test0379" classname="RegressionTest0" time="0"/>
  <testcase name="test0380" classname="RegressionTest0" time="0">
    <error type="java.lang.NullPointerException:">java.lang.NullPointerException: null
	at ProgramCorrect.findMax(ProgramCorrect.java:9)
	at TestProgram.TestStudentSubmission(TestProgram.java:9)
	at RegressionTest0.test0380(RegressionTest0.java:24468)
</error>
  </testcase>
  <testcase name="test0381" classname="RegressionTest0" time="0"/>
  <testcase name="test0382" classname="RegressionTest0" time="0">
    <error type="java.lang.NullPointerException:">java.lang.NullPointerException: null
	at ProgramCorrect.findMax(ProgramCorrect.java:9)
	at TestProgram.TestStudentSubmission(TestProgram.java:9)
	at RegressionTest0.test0382(RegressionTest0.java:24698)
</error>
  </testcase>
  <testcase name="test0383" classname="RegressionTest0" time="0"/>
  <testcase name="test0384" classname="RegressionTest0" time="0"/>
  <testcase name="test0385" classname="RegressionTest0" time="0"/>
  <testcase name="test0386" classname="RegressionTest0" time="0"/>
  <testcase name="test0387" classname="RegressionTest0" time="0">
    <error type="java.lang.NullPointerException:">java.lang.NullPointerException: null
	at ProgramCorrect.findMax(ProgramCorrect.java:9)
	at TestProgram.TestStudentSubmission(TestProgram.java:9)
	at RegressionTest0.test0387(RegressionTest0.java:25019)
</error>
  </testcase>
  <testcase name="test0388" classname="RegressionTest0" time="0"/>
  <testcase name="test0389" classname="RegressionTest0" time="0"/>
  <testcase name="test0390" classname="RegressionTest0" time="0"/>
  <testcase name="test0391" classname="RegressionTest0" time="0"/>
  <testcase name="test0392" classname="RegressionTest0" time="0"/>
  <testcase name="test0393" classname="RegressionTest0" time="0"/>
  <testcase name="test0394" classname="RegressionTest0" time="0.001">
    <error type="java.lang.NullPointerException:">java.lang.NullPointerException: null
	at ProgramCorrect.findMax(ProgramCorrect.java:9)
	at TestProgram.TestStudentSubmission(TestProgram.java:9)
	at RegressionTest0.test0394(RegressionTest0.java:25556)
</error>
  </testcase>
  <testcase name="test0395" classname="RegressionTest0" time="0"/>
  <testcase name="test0396" classname="RegressionTest0" time="0"/>
  <testcase name="test0397" classname="RegressionTest0" time="0"/>
  <testcase name="test0398" classname="RegressionTest0" time="0"/>
  <testcase name="test0399" classname="RegressionTest0" time="0"/>
  <testcase name="test0400" classname="RegressionTest0" time="0"/>
  <testcase name="test0401" classname="RegressionTest0" time="0"/>
  <testcase name="test0402" classname="RegressionTest0" time="0"/>
  <testcase name="test0403" classname="RegressionTest0" time="0"/>
  <testcase name="test0404" classname="RegressionTest0" time="0"/>
  <testcase name="test0405" classname="RegressionTest0" time="0.001"/>
  <testcase name="test0406" classname="RegressionTest0" time="0"/>
  <testcase name="test0407" classname="RegressionTest0" time="0"/>
  <testcase name="test0408" classname="RegressionTest0" time="0"/>
  <testcase name="test0409" classname="RegressionTest0" time="0">
    <error type="java.lang.NullPointerException:">java.lang.NullPointerException: null
	at ProgramCorrect.findMax(ProgramCorrect.java:9)
	at TestProgram.TestStudentSubmission(TestProgram.java:9)
	at RegressionTest0.test0409(RegressionTest0.java:26885)
</error>
  </testcase>
  <testcase name="test0410" classname="RegressionTest0" time="0"/>
  <testcase name="test0411" classname="RegressionTest0" time="0"/>
  <testcase name="test0412" classname="RegressionTest0" time="0"/>
  <testcase name="test0413" classname="RegressionTest0" time="0"/>
  <testcase name="test0414" classname="RegressionTest0" time="0"/>
  <testcase name="test0415" classname="RegressionTest0" time="0.001">
    <error type="java.lang.NullPointerException:">java.lang.NullPointerException: null
	at ProgramCorrect.findMax(ProgramCorrect.java:9)
	at TestProgram.TestStudentSubmission(TestProgram.java:9)
	at RegressionTest0.test0415(RegressionTest0.java:27356)
</error>
  </testcase>
  <testcase name="test0416" classname="RegressionTest0" time="0"/>
  <testcase name="test0417" classname="RegressionTest0" time="0"/>
  <testcase name="test0418" classname="RegressionTest0" time="0"/>
  <testcase name="test0419" classname="RegressionTest0" time="0"/>
  <testcase name="test0420" classname="RegressionTest0" time="0"/>
  <testcase name="test0421" classname="RegressionTest0" time="0"/>
  <testcase name="test0422" classname="RegressionTest0" time="0"/>
  <testcase name="test0423" classname="RegressionTest0" time="0"/>
  <testcase name="test0424" classname="RegressionTest0" time="0"/>
  <testcase name="test0425" classname="RegressionTest0" time="0"/>
  <testcase name="test0426" classname="RegressionTest0" time="0">
    <error type="java.lang.NullPointerException:">java.lang.NullPointerException: null
	at ProgramCorrect.findMax(ProgramCorrect.java:9)
	at TestProgram.TestStudentSubmission(TestProgram.java:9)
	at RegressionTest0.test0426(RegressionTest0.java:28240)
</error>
  </testcase>
  <testcase name="test0427" classname="RegressionTest0" time="0"/>
  <testcase name="test0428" classname="RegressionTest0" time="0"/>
  <testcase name="test0429" classname="RegressionTest0" time="0"/>
  <testcase name="test0430" classname="RegressionTest0" time="0"/>
  <testcase name="test0431" classname="RegressionTest0" time="0"/>
  <testcase name="test0432" classname="RegressionTest0" time="0"/>
  <testcase name="test0433" classname="RegressionTest0" time="0"/>
  <testcase name="test0434" classname="RegressionTest0" time="0"/>
  <testcase name="test0435" classname="RegressionTest0" time="0.001"/>
  <testcase name="test0436" classname="RegressionTest0" time="0"/>
  <testcase name="test0437" classname="RegressionTest0" time="0"/>
  <testcase name="test0438" classname="RegressionTest0" time="0"/>
  <testcase name="test0439" classname="RegressionTest0" time="0">
    <error type="java.lang.NullPointerException:">java.lang.NullPointerException: null
	at ProgramCorrect.findMax(ProgramCorrect.java:9)
	at TestProgram.TestStudentSubmission(TestProgram.java:9)
	at RegressionTest0.test0439(RegressionTest0.java:28951)
</error>
  </testcase>
  <testcase name="test0440" classname="RegressionTest0" time="0"/>
  <testcase name="test0441" classname="RegressionTest0" time="0"/>
  <testcase name="test0442" classname="RegressionTest0" time="0"/>
  <testcase name="test0443" classname="RegressionTest0" time="0">
    <error type="java.lang.NullPointerException:">java.lang.NullPointerException: null
	at ProgramCorrect.findMax(ProgramCorrect.java:9)
	at TestProgram.TestStudentSubmission(TestProgram.java:9)
	at RegressionTest0.test0443(RegressionTest0.java:29270)
</error>
  </testcase>
  <testcase name="test0444" classname="RegressionTest0" time="0"/>
  <testcase name="test0445" classname="RegressionTest0" time="0"/>
  <testcase name="test0446" classname="RegressionTest0" time="0"/>
  <testcase name="test0447" classname="RegressionTest0" time="0.001"/>
  <testcase name="test0448" classname="RegressionTest0" time="0"/>
  <testcase name="test0449" classname="RegressionTest0" time="0"/>
  <testcase name="test0450" classname="RegressionTest0" time="0"/>
  <testcase name="test0451" classname="RegressionTest0" time="0"/>
  <testcase name="test0452" classname="RegressionTest0" time="0"/>
  <testcase name="test0453" classname="RegressionTest0" time="0"/>
  <testcase name="test0454" classname="RegressionTest0" time="0.001"/>
  <testcase name="test0455" classname="RegressionTest0" time="0"/>
  <testcase name="test0456" classname="RegressionTest0" time="0"/>
  <testcase name="test0457" classname="RegressionTest0" time="0"/>
  <testcase name="test0458" classname="RegressionTest0" time="0"/>
  <testcase name="test0459" classname="RegressionTest0" time="0"/>
  <testcase name="test0460" classname="RegressionTest0" time="0"/>
  <testcase name="test0461" classname="RegressionTest0" time="0"/>
  <testcase name="test0462" classname="RegressionTest0" time="0"/>
  <testcase name="test0463" classname="RegressionTest0" time="0"/>
  <testcase name="test0464" classname="RegressionTest0" time="0"/>
  <testcase name="test0465" classname="RegressionTest0" time="0"/>
  <testcase name="test0466" classname="RegressionTest0" time="0">
    <error type="java.lang.NullPointerException:">java.lang.NullPointerException: null
	at ProgramCorrect.findMax(ProgramCorrect.java:9)
	at TestProgram.TestStudentSubmission(TestProgram.java:9)
	at RegressionTest0.test0466(RegressionTest0.java:31378)
</error>
  </testcase>
  <testcase name="test0467" classname="RegressionTest0" time="0"/>
  <testcase name="test0468" classname="RegressionTest0" time="0"/>
  <testcase name="test0469" classname="RegressionTest0" time="0"/>
  <testcase name="test0470" classname="RegressionTest0" time="0"/>
  <testcase name="test0471" classname="RegressionTest0" time="0"/>
  <testcase name="test0472" classname="RegressionTest0" time="0"/>
  <testcase name="test0473" classname="RegressionTest0" time="0"/>
  <testcase name="test0474" classname="RegressionTest0" time="0"/>
  <testcase name="test0475" classname="RegressionTest0" time="0"/>
  <testcase name="test0476" classname="RegressionTest0" time="0"/>
  <testcase name="test0477" classname="RegressionTest0" time="0"/>
  <testcase name="test0478" classname="RegressionTest0" time="0"/>
  <testcase name="test0479" classname="RegressionTest0" time="0"/>
  <testcase name="test0480" classname="RegressionTest0" time="0"/>
  <testcase name="test0481" classname="RegressionTest0" time="0"/>
  <testcase name="test0482" classname="RegressionTest0" time="0"/>
  <testcase name="test0483" classname="RegressionTest0" time="0"/>
  <testcase name="test0484" classname="RegressionTest0" time="0"/>
  <testcase name="test0485" classname="RegressionTest0" time="0"/>
  <testcase name="test0486" classname="RegressionTest0" time="0">
    <error type="java.lang.NullPointerException:">java.lang.NullPointerException: null
	at ProgramCorrect.findMax(ProgramCorrect.java:9)
	at TestProgram.TestStudentSubmission(TestProgram.java:9)
	at RegressionTest0.test0486(RegressionTest0.java:32972)
</error>
  </testcase>
  <testcase name="test0487" classname="RegressionTest0" time="0"/>
  <testcase name="test0488" classname="RegressionTest0" time="0"/>
  <testcase name="test0489" classname="RegressionTest0" time="0"/>
  <testcase name="test0490" classname="RegressionTest0" time="0"/>
  <testcase name="test0491" classname="RegressionTest0" time="0"/>
  <testcase name="test0492" classname="RegressionTest0" time="0"/>
  <testcase name="test0493" classname="RegressionTest0" time="0"/>
  <testcase name="test0494" classname="RegressionTest0" time="0"/>
  <testcase name="test0495" classname="RegressionTest0" time="0"/>
  <testcase name="test0496" classname="RegressionTest0" time="0"/>
  <testcase name="test0497" classname="RegressionTest0" time="0"/>
  <testcase name="test0498" classname="RegressionTest0" time="0"/>
  <testcase name="test0499" classname="RegressionTest0" time="0"/>
  <testcase name="test0500" classname="RegressionTest0" time="0"/>
</testsuite>