<?xml version="1.0" encoding="UTF-8"?>
<testsuite name="ProgramIncorrect_ESTest" time="0.008" tests="7" errors="5" skipped="0" failures="0">
  <properties>
[...]
</properties>
  <testcase name="test4" classname="ProgramIncorrect_ESTest" time="0">
    <error message="ProgramIncorrect.findMax([J)J" type="java.lang.NoSuchMethodError">java.lang.NoSuchMethodError: ProgramIncorrect.findMax([J)J
	at ProgramIncorrect_ESTest.test4(ProgramIncorrect_ESTest.java:68)
</error>
  </testcase>
  <testcase name="test5" classname="ProgramIncorrect_ESTest" time="0"/>
  <testcase name="test2" classname="ProgramIncorrect_ESTest" time="0">
    <error message="ProgramIncorrect.findMax([J)J" type="java.lang.NoSuchMethodError">java.lang.NoSuchMethodError: ProgramIncorrect.findMax([J)J
	at ProgramIncorrect_ESTest.test2(ProgramIncorrect_ESTest.java:37)
</error>
  </testcase>
  <testcase name="test3" classname="ProgramIncorrect_ESTest" time="0.001">
    <error message="ProgramIncorrect.findMax([J)J" type="java.lang.NoSuchMethodError">java.lang.NoSuchMethodError: ProgramIncorrect.findMax([J)J
	at ProgramIncorrect_ESTest.test3(ProgramIncorrect_ESTest.java:53)
</error>
  </testcase>
  <testcase name="test6" classname="ProgramIncorrect_ESTest" time="0.003"/>
  <testcase name="test0" classname="ProgramIncorrect_ESTest" time="0.002">
    <error message="ProgramIncorrect.findMax([J)J" type="java.lang.NoSuchMethodError">java.lang.NoSuchMethodError: ProgramIncorrect.findMax([J)J
	at ProgramIncorrect_ESTest.test0(ProgramIncorrect_ESTest.java:21)
</error>
  </testcase>
  <testcase name="test1" classname="ProgramIncorrect_ESTest" time="0.002">
    <error message="ProgramIncorrect.findMax([J)J" type="java.lang.NoSuchMethodError">java.lang.NoSuchMethodError: ProgramIncorrect.findMax([J)J
	at ProgramIncorrect_ESTest.test1(ProgramIncorrect_ESTest.java:29)
</error>
  </testcase>
</testsuite>